<?xml version="1.0" encoding="UTF-8" ?>
<testsuite tests="6" failures="0" name="una.ac.cr.consultoriofrontend.LoginJUnitTest" time="0.067" errors="6" skipped="0">
  <properties>
[...]
</properties>
  <testcase classname="una.ac.cr.consultoriofrontend.LoginJUnitTest" name="isInCorrectAdminTest" time="0.017">
    <error message="com.fasterxml.jackson.databind.exc.UnrecognizedPropertyException: Unrecognized field &quot;id_patient&quot; (class ac.cr.una.proyecto.java.model.Patient), not marked as ignorable (9 known properties: &quot;address&quot;, &quot;idPatient&quot;, &quot;user&quot;, &quot;observation&quot;, &quot;birthday&quot;, &quot;phone&quot;, &quot;password&quot;, &quot;associatedDiseases&quot;, &quot;namePatient&quot;])
 at [Source: src/main/java/ac/cr/una/proyecto/resources/patientsList.json; line: 2, column: 27] (through reference chain: java.lang.Object[][0]-&gt;ac.cr.una.proyecto.java.model.Patient[&quot;id_patient&quot;])" type="org.assertj.swing.exception.UnexpectedException">org.assertj.swing.exception.UnexpectedException: com.fasterxml.jackson.databind.exc.UnrecognizedPropertyException: Unrecognized field &quot;id_patient&quot; (class ac.cr.una.proyecto.java.model.Patient), not marked as ignorable (9 known properties: &quot;address&quot;, &quot;idPatient&quot;, &quot;user&quot;, &quot;observation&quot;, &quot;birthday&quot;, &quot;phone&quot;, &quot;password&quot;, &quot;associatedDiseases&quot;, &quot;namePatient&quot;])
 at [Source: src/main/java/ac/cr/una/proyecto/resources/patientsList.json; line: 2, column: 27] (through reference chain: java.lang.Object[][0]-&gt;ac.cr.una.proyecto.java.model.Patient[&quot;id_patient&quot;])
	at org.assertj.swing.exception.UnexpectedException.unexpected(UnexpectedException.java:34)
	at org.assertj.swing.edt.GuiActionRunner.rethrowCaughtExceptionIn(GuiActionRunner.java:200)
	at org.assertj.swing.edt.GuiActionRunner.resultOf(GuiActionRunner.java:175)
	at org.assertj.swing.edt.GuiActionRunner.execute(GuiActionRunner.java:98)
	at org.assertj.swing.edt.GuiActionRunner.execute(GuiActionRunner.java:72)
	at una.ac.cr.consultoriofrontend.LoginJUnitTest.setUp(LoginJUnitTest.java:38)
	at sun.reflect.NativeMethodAccessorImpl.invoke0(Native Method)
	at sun.reflect.NativeMethodAccessorImpl.invoke(NativeMethodAccessorImpl.java:62)
	at sun.reflect.DelegatingMethodAccessorImpl.invoke(DelegatingMethodAccessorImpl.java:43)
	at java.lang.reflect.Method.invoke(Method.java:498)
	at org.junit.runners.model.FrameworkMethod$1.runReflectiveCall(FrameworkMethod.java:50)
	at org.junit.internal.runners.model.ReflectiveCallable.run(ReflectiveCallable.java:12)
	at org.junit.runners.model.FrameworkMethod.invokeExplosively(FrameworkMethod.java:47)
	at org.junit.internal.runners.statements.RunBefores.evaluate(RunBefores.java:24)
	at org.junit.internal.runners.statements.RunAfters.evaluate(RunAfters.java:27)
	at org.junit.runners.ParentRunner.runLeaf(ParentRunner.java:325)
	at org.junit.runners.BlockJUnit4ClassRunner.runChild(BlockJUnit4ClassRunner.java:78)
	at org.junit.runners.BlockJUnit4ClassRunner.runChild(BlockJUnit4ClassRunner.java:57)
	at org.junit.runners.ParentRunner$3.run(ParentRunner.java:290)
	at org.junit.runners.ParentRunner$1.schedule(ParentRunner.java:71)
	at org.junit.runners.ParentRunner.runChildren(ParentRunner.java:288)
	at org.junit.runners.ParentRunner.access$000(ParentRunner.java:58)
	at org.junit.runners.ParentRunner$2.evaluate(ParentRunner.java:268)
	at org.junit.runners.ParentRunner.run(ParentRunner.java:363)
	at org.apache.maven.surefire.junit4.JUnit4TestSet.execute(JUnit4TestSet.java:53)
	at org.apache.maven.surefire.junit4.JUnit4Provider.executeTestSet(JUnit4Provider.java:123)
	at org.apache.maven.surefire.junit4.JUnit4Provider.invoke(JUnit4Provider.java:104)
	at sun.reflect.NativeMethodAccessorImpl.invoke0(Native Method)
	at sun.reflect.NativeMethodAccessorImpl.invoke(NativeMethodAccessorImpl.java:62)
	at sun.reflect.DelegatingMethodAccessorImpl.invoke(DelegatingMethodAccessorImpl.java:43)
	at java.lang.reflect.Method.invoke(Method.java:498)
	at org.apache.maven.surefire.util.ReflectionUtils.invokeMethodWithArray(ReflectionUtils.java:164)
	at org.apache.maven.surefire.booter.ProviderFactory$ProviderProxy.invoke(ProviderFactory.java:110)
	at org.apache.maven.surefire.booter.SurefireStarter.invokeProvider(SurefireStarter.java:175)
	at org.apache.maven.surefire.booter.SurefireStarter.runSuitesInProcessWhenForked(SurefireStarter.java:107)
	at org.apache.maven.surefire.booter.ForkedBooter.main(ForkedBooter.java:68)
Caused by: com.fasterxml.jackson.databind.exc.UnrecognizedPropertyException: Unrecognized field &quot;id_patient&quot; (class ac.cr.una.proyecto.java.model.Patient), not marked as ignorable (9 known properties: &quot;address&quot;, &quot;idPatient&quot;, &quot;user&quot;, &quot;observation&quot;, &quot;birthday&quot;, &quot;phone&quot;, &quot;password&quot;, &quot;associatedDiseases&quot;, &quot;namePatient&quot;])
 at [Source: src/main/java/ac/cr/una/proyecto/resources/patientsList.json; line: 2, column: 27] (through reference chain: java.lang.Object[][0]-&gt;ac.cr.una.proyecto.java.model.Patient[&quot;id_patient&quot;])
	at com.fasterxml.jackson.databind.exc.UnrecognizedPropertyException.from(UnrecognizedPropertyException.java:62)
	at com.fasterxml.jackson.databind.DeserializationContext.handleUnknownProperty(DeserializationContext.java:834)
	at com.fasterxml.jackson.databind.deser.std.StdDeserializer.handleUnknownProperty(StdDeserializer.java:1093)
	at com.fasterxml.jackson.databind.deser.BeanDeserializerBase.handleUnknownProperty(BeanDeserializerBase.java:1477)
	at com.fasterxml.jackson.databind.deser.BeanDeserializerBase.handleUnknownVanilla(BeanDeserializerBase.java:1455)
	at com.fasterxml.jackson.databind.deser.BeanDeserializer.vanillaDeserialize(BeanDeserializer.java:282)
	at com.fasterxml.jackson.databind.deser.BeanDeserializer.deserialize(BeanDeserializer.java:140)
	at com.fasterxml.jackson.databind.deser.std.ObjectArrayDeserializer.deserialize(ObjectArrayDeserializer.java:196)
	at com.fasterxml.jackson.databind.deser.std.ObjectArrayDeserializer.deserialize(ObjectArrayDeserializer.java:20)
	at com.fasterxml.jackson.databind.ObjectMapper._readMapAndClose(ObjectMapper.java:3798)
	at com.fasterxml.jackson.databind.ObjectMapper.readValue(ObjectMapper.java:2740)
	at ac.cr.una.proyecto.java.service.LoginPatientService.loadOfficesFromFile(LoginPatientService.java:56)
	at ac.cr.una.proyecto.java.service.LoginPatientService.loadOfficesObjWrapper(LoginPatientService.java:31)
	at ac.cr.una.proyecto.java.controller.LoginController.&lt;init&gt;(LoginController.java:55)
	at ac.cr.una.proyecto.java.view.LoginView.&lt;init&gt;(LoginView.java:52)
	at una.ac.cr.consultoriofrontend.LoginJUnitTest.lambda$setUp$0(LoginJUnitTest.java:38)
	at org.assertj.swing.edt.GuiActionRunner$1.executeInEDT(GuiActionRunner.java:75)
	at org.assertj.swing.edt.GuiQuery.run(GuiQuery.java:42)
	at java.awt.event.InvocationEvent.dispatch(InvocationEvent.java:311)
	at java.awt.EventQueue.dispatchEventImpl(EventQueue.java:756)
	at java.awt.EventQueue.access$500(EventQueue.java:97)
	at java.awt.EventQueue$3.run(EventQueue.java:709)
	at java.awt.EventQueue$3.run(EventQueue.java:703)
	at java.security.AccessController.doPrivileged(Native Method)
	at java.security.ProtectionDomain$JavaSecurityAccessImpl.doIntersectionPrivilege(ProtectionDomain.java:80)
	at java.awt.EventQueue.dispatchEvent(EventQueue.java:726)
	at java.awt.EventDispatchThread.pumpOneEventForFilters(EventDispatchThread.java:201)
	at java.awt.EventDispatchThread.pumpEventsForFilter(EventDispatchThread.java:116)
	at java.awt.EventDispatchThread.pumpEventsForHierarchy(EventDispatchThread.java:105)
	at java.awt.EventDispatchThread.pumpEvents(EventDispatchThread.java:101)
	at java.awt.EventDispatchThread.pumpEvents(EventDispatchThread.java:93)
	at java.awt.EventDispatchThread.run(EventDispatchThread.java:82)
</error>
  </testcase>
  <testcase classname="una.ac.cr.consultoriofrontend.LoginJUnitTest" name="isInCorrectAdminTest" time="0.018">
    <error type="java.lang.NullPointerException">java.lang.NullPointerException
	at una.ac.cr.consultoriofrontend.LoginJUnitTest.tearDown(LoginJUnitTest.java:91)
	at sun.reflect.NativeMethodAccessorImpl.invoke0(Native Method)
	at sun.reflect.NativeMethodAccessorImpl.invoke(NativeMethodAccessorImpl.java:62)
	at sun.reflect.DelegatingMethodAccessorImpl.invoke(DelegatingMethodAccessorImpl.java:43)
	at java.lang.reflect.Method.invoke(Method.java:498)
	at org.junit.runners.model.FrameworkMethod$1.runReflectiveCall(FrameworkMethod.java:50)
	at org.junit.internal.runners.model.ReflectiveCallable.run(ReflectiveCallable.java:12)
	at org.junit.runners.model.FrameworkMethod.invokeExplosively(FrameworkMethod.java:47)
	at org.junit.internal.runners.statements.RunAfters.evaluate(RunAfters.java:33)
	at org.junit.runners.ParentRunner.runLeaf(ParentRunner.java:325)
	at org.junit.runners.BlockJUnit4ClassRunner.runChild(BlockJUnit4ClassRunner.java:78)
	at org.junit.runners.BlockJUnit4ClassRunner.runChild(BlockJUnit4ClassRunner.java:57)
	at org.junit.runners.ParentRunner$3.run(ParentRunner.java:290)
	at org.junit.runners.ParentRunner$1.schedule(ParentRunner.java:71)
	at org.junit.runners.ParentRunner.runChildren(ParentRunner.java:288)
	at org.junit.runners.ParentRunner.access$000(ParentRunner.java:58)
	at org.junit.runners.ParentRunner$2.evaluate(ParentRunner.java:268)
	at org.junit.runners.ParentRunner.run(ParentRunner.java:363)
	at org.apache.maven.surefire.junit4.JUnit4TestSet.execute(JUnit4TestSet.java:53)
	at org.apache.maven.surefire.junit4.JUnit4Provider.executeTestSet(JUnit4Provider.java:123)
	at org.apache.maven.surefire.junit4.JUnit4Provider.invoke(JUnit4Provider.java:104)
	at sun.reflect.NativeMethodAccessorImpl.invoke0(Native Method)
	at sun.reflect.NativeMethodAccessorImpl.invoke(NativeMethodAccessorImpl.java:62)
	at sun.reflect.DelegatingMethodAccessorImpl.invoke(DelegatingMethodAccessorImpl.java:43)
	at java.lang.reflect.Method.invoke(Method.java:498)
	at org.apache.maven.surefire.util.ReflectionUtils.invokeMethodWithArray(ReflectionUtils.java:164)
	at org.apache.maven.surefire.booter.ProviderFactory$ProviderProxy.invoke(ProviderFactory.java:110)
	at org.apache.maven.surefire.booter.SurefireStarter.invokeProvider(SurefireStarter.java:175)
	at org.apache.maven.surefire.booter.SurefireStarter.runSuitesInProcessWhenForked(SurefireStarter.java:107)
	at org.apache.maven.surefire.booter.ForkedBooter.main(ForkedBooter.java:68)
</error>
  </testcase>
  <testcase classname="una.ac.cr.consultoriofrontend.LoginJUnitTest" name="testVisibleComponents" time="0.013">
    <error message="com.fasterxml.jackson.databind.exc.UnrecognizedPropertyException: Unrecognized field &quot;id_patient&quot; (class ac.cr.una.proyecto.java.model.Patient), not marked as ignorable (9 known properties: &quot;address&quot;, &quot;idPatient&quot;, &quot;user&quot;, &quot;observation&quot;, &quot;birthday&quot;, &quot;phone&quot;, &quot;password&quot;, &quot;associatedDiseases&quot;, &quot;namePatient&quot;])
 at [Source: src/main/java/ac/cr/una/proyecto/resources/patientsList.json; line: 2, column: 27] (through reference chain: java.lang.Object[][0]-&gt;ac.cr.una.proyecto.java.model.Patient[&quot;id_patient&quot;])" type="org.assertj.swing.exception.UnexpectedException">org.assertj.swing.exception.UnexpectedException: com.fasterxml.jackson.databind.exc.UnrecognizedPropertyException: Unrecognized field &quot;id_patient&quot; (class ac.cr.una.proyecto.java.model.Patient), not marked as ignorable (9 known properties: &quot;address&quot;, &quot;idPatient&quot;, &quot;user&quot;, &quot;observation&quot;, &quot;birthday&quot;, &quot;phone&quot;, &quot;password&quot;, &quot;associatedDiseases&quot;, &quot;namePatient&quot;])
 at [Source: src/main/java/ac/cr/una/proyecto/resources/patientsList.json; line: 2, column: 27] (through reference chain: java.lang.Object[][0]-&gt;ac.cr.una.proyecto.java.model.Patient[&quot;id_patient&quot;])
	at org.assertj.swing.exception.UnexpectedException.unexpected(UnexpectedException.java:34)
	at org.assertj.swing.edt.GuiActionRunner.rethrowCaughtExceptionIn(GuiActionRunner.java:200)
	at org.assertj.swing.edt.GuiActionRunner.resultOf(GuiActionRunner.java:175)
	at org.assertj.swing.edt.GuiActionRunner.execute(GuiActionRunner.java:98)
	at org.assertj.swing.edt.GuiActionRunner.execute(GuiActionRunner.java:72)
	at una.ac.cr.consultoriofrontend.LoginJUnitTest.setUp(LoginJUnitTest.java:38)
	at sun.reflect.NativeMethodAccessorImpl.invoke0(Native Method)
	at sun.reflect.NativeMethodAccessorImpl.invoke(NativeMethodAccessorImpl.java:62)
	at sun.reflect.DelegatingMethodAccessorImpl.invoke(DelegatingMethodAccessorImpl.java:43)
	at java.lang.reflect.Method.invoke(Method.java:498)
	at org.junit.runners.model.FrameworkMethod$1.runReflectiveCall(FrameworkMethod.java:50)
	at org.junit.internal.runners.model.ReflectiveCallable.run(ReflectiveCallable.java:12)
	at org.junit.runners.model.FrameworkMethod.invokeExplosively(FrameworkMethod.java:47)
	at org.junit.internal.runners.statements.RunBefores.evaluate(RunBefores.java:24)
	at org.junit.internal.runners.statements.RunAfters.evaluate(RunAfters.java:27)
	at org.junit.runners.ParentRunner.runLeaf(ParentRunner.java:325)
	at org.junit.runners.BlockJUnit4ClassRunner.runChild(BlockJUnit4ClassRunner.java:78)
	at org.junit.runners.BlockJUnit4ClassRunner.runChild(BlockJUnit4ClassRunner.java:57)
	at org.junit.runners.ParentRunner$3.run(ParentRunner.java:290)
	at org.junit.runners.ParentRunner$1.schedule(ParentRunner.java:71)
	at org.junit.runners.ParentRunner.runChildren(ParentRunner.java:288)
	at org.junit.runners.ParentRunner.access$000(ParentRunner.java:58)
	at org.junit.runners.ParentRunner$2.evaluate(ParentRunner.java:268)
	at org.junit.runners.ParentRunner.run(ParentRunner.java:363)
	at org.apache.maven.surefire.junit4.JUnit4TestSet.execute(JUnit4TestSet.java:53)
	at org.apache.maven.surefire.junit4.JUnit4Provider.executeTestSet(JUnit4Provider.java:123)
	at org.apache.maven.surefire.junit4.JUnit4Provider.invoke(JUnit4Provider.java:104)
	at sun.reflect.NativeMethodAccessorImpl.invoke0(Native Method)
	at sun.reflect.NativeMethodAccessorImpl.invoke(NativeMethodAccessorImpl.java:62)
	at sun.reflect.DelegatingMethodAccessorImpl.invoke(DelegatingMethodAccessorImpl.java:43)
	at java.lang.reflect.Method.invoke(Method.java:498)
	at org.apache.maven.surefire.util.ReflectionUtils.invokeMethodWithArray(ReflectionUtils.java:164)
	at org.apache.maven.surefire.booter.ProviderFactory$ProviderProxy.invoke(ProviderFactory.java:110)
	at org.apache.maven.surefire.booter.SurefireStarter.invokeProvider(SurefireStarter.java:175)
	at org.apache.maven.surefire.booter.SurefireStarter.runSuitesInProcessWhenForked(SurefireStarter.java:107)
	at org.apache.maven.surefire.booter.ForkedBooter.main(ForkedBooter.java:68)
Caused by: com.fasterxml.jackson.databind.exc.UnrecognizedPropertyException: Unrecognized field &quot;id_patient&quot; (class ac.cr.una.proyecto.java.model.Patient), not marked as ignorable (9 known properties: &quot;address&quot;, &quot;idPatient&quot;, &quot;user&quot;, &quot;observation&quot;, &quot;birthday&quot;, &quot;phone&quot;, &quot;password&quot;, &quot;associatedDiseases&quot;, &quot;namePatient&quot;])
 at [Source: src/main/java/ac/cr/una/proyecto/resources/patientsList.json; line: 2, column: 27] (through reference chain: java.lang.Object[][0]-&gt;ac.cr.una.proyecto.java.model.Patient[&quot;id_patient&quot;])
	at com.fasterxml.jackson.databind.exc.UnrecognizedPropertyException.from(UnrecognizedPropertyException.java:62)
	at com.fasterxml.jackson.databind.DeserializationContext.handleUnknownProperty(DeserializationContext.java:834)
	at com.fasterxml.jackson.databind.deser.std.StdDeserializer.handleUnknownProperty(StdDeserializer.java:1093)
	at com.fasterxml.jackson.databind.deser.BeanDeserializerBase.handleUnknownProperty(BeanDeserializerBase.java:1477)
	at com.fasterxml.jackson.databind.deser.BeanDeserializerBase.handleUnknownVanilla(BeanDeserializerBase.java:1455)
	at com.fasterxml.jackson.databind.deser.BeanDeserializer.vanillaDeserialize(BeanDeserializer.java:282)
	at com.fasterxml.jackson.databind.deser.BeanDeserializer.deserialize(BeanDeserializer.java:140)
	at com.fasterxml.jackson.databind.deser.std.ObjectArrayDeserializer.deserialize(ObjectArrayDeserializer.java:196)
	at com.fasterxml.jackson.databind.deser.std.ObjectArrayDeserializer.deserialize(ObjectArrayDeserializer.java:20)
	at com.fasterxml.jackson.databind.ObjectMapper._readMapAndClose(ObjectMapper.java:3798)
	at com.fasterxml.jackson.databind.ObjectMapper.readValue(ObjectMapper.java:2740)
	at ac.cr.una.proyecto.java.service.LoginPatientService.loadOfficesFromFile(LoginPatientService.java:56)
	at ac.cr.una.proyecto.java.service.LoginPatientService.loadOfficesObjWrapper(LoginPatientService.java:31)
	at ac.cr.una.proyecto.java.controller.LoginController.&lt;init&gt;(LoginController.java:55)
	at ac.cr.una.proyecto.java.view.LoginView.&lt;init&gt;(LoginView.java:52)
	at una.ac.cr.consultoriofrontend.LoginJUnitTest.lambda$setUp$0(LoginJUnitTest.java:38)
	at org.assertj.swing.edt.GuiActionRunner$1.executeInEDT(GuiActionRunner.java:75)
	at org.assertj.swing.edt.GuiQuery.run(GuiQuery.java:42)
	at java.awt.event.InvocationEvent.dispatch(InvocationEvent.java:311)
	at java.awt.EventQueue.dispatchEventImpl(EventQueue.java:756)
	at java.awt.EventQueue.access$500(EventQueue.java:97)
	at java.awt.EventQueue$3.run(EventQueue.java:709)
	at java.awt.EventQueue$3.run(EventQueue.java:703)
	at java.security.AccessController.doPrivileged(Native Method)
	at java.security.ProtectionDomain$JavaSecurityAccessImpl.doIntersectionPrivilege(ProtectionDomain.java:80)
	at java.awt.EventQueue.dispatchEvent(EventQueue.java:726)
	at java.awt.EventDispatchThread.pumpOneEventForFilters(EventDispatchThread.java:201)
	at java.awt.EventDispatchThread.pumpEventsForFilter(EventDispatchThread.java:116)
	at java.awt.EventDispatchThread.pumpEventsForHierarchy(EventDispatchThread.java:105)
	at java.awt.EventDispatchThread.pumpEvents(EventDispatchThread.java:101)
	at java.awt.EventDispatchThread.pumpEvents(EventDispatchThread.java:93)
	at java.awt.EventDispatchThread.run(EventDispatchThread.java:82)
</error>
  </testcase>
  <testcase classname="una.ac.cr.consultoriofrontend.LoginJUnitTest" name="testVisibleComponents" time="0.016">
    <error type="java.lang.NullPointerException">java.lang.NullPointerException
	at una.ac.cr.consultoriofrontend.LoginJUnitTest.tearDown(LoginJUnitTest.java:91)
	at sun.reflect.NativeMethodAccessorImpl.invoke0(Native Method)
	at sun.reflect.NativeMethodAccessorImpl.invoke(NativeMethodAccessorImpl.java:62)
	at sun.reflect.DelegatingMethodAccessorImpl.invoke(DelegatingMethodAccessorImpl.java:43)
	at java.lang.reflect.Method.invoke(Method.java:498)
	at org.junit.runners.model.FrameworkMethod$1.runReflectiveCall(FrameworkMethod.java:50)
	at org.junit.internal.runners.model.ReflectiveCallable.run(ReflectiveCallable.java:12)
	at org.junit.runners.model.FrameworkMethod.invokeExplosively(FrameworkMethod.java:47)
	at org.junit.internal.runners.statements.RunAfters.evaluate(RunAfters.java:33)
	at org.junit.runners.ParentRunner.runLeaf(ParentRunner.java:325)
	at org.junit.runners.BlockJUnit4ClassRunner.runChild(BlockJUnit4ClassRunner.java:78)
	at org.junit.runners.BlockJUnit4ClassRunner.runChild(BlockJUnit4ClassRunner.java:57)
	at org.junit.runners.ParentRunner$3.run(ParentRunner.java:290)
	at org.junit.runners.ParentRunner$1.schedule(ParentRunner.java:71)
	at org.junit.runners.ParentRunner.runChildren(ParentRunner.java:288)
	at org.junit.runners.ParentRunner.access$000(ParentRunner.java:58)
	at org.junit.runners.ParentRunner$2.evaluate(ParentRunner.java:268)
	at org.junit.runners.ParentRunner.run(ParentRunner.java:363)
	at org.apache.maven.surefire.junit4.JUnit4TestSet.execute(JUnit4TestSet.java:53)
	at org.apache.maven.surefire.junit4.JUnit4Provider.executeTestSet(JUnit4Provider.java:123)
	at org.apache.maven.surefire.junit4.JUnit4Provider.invoke(JUnit4Provider.java:104)
	at sun.reflect.NativeMethodAccessorImpl.invoke0(Native Method)
	at sun.reflect.NativeMethodAccessorImpl.invoke(NativeMethodAccessorImpl.java:62)
	at sun.reflect.DelegatingMethodAccessorImpl.invoke(DelegatingMethodAccessorImpl.java:43)
	at java.lang.reflect.Method.invoke(Method.java:498)
	at org.apache.maven.surefire.util.ReflectionUtils.invokeMethodWithArray(ReflectionUtils.java:164)
	at org.apache.maven.surefire.booter.ProviderFactory$ProviderProxy.invoke(ProviderFactory.java:110)
	at org.apache.maven.surefire.booter.SurefireStarter.invokeProvider(SurefireStarter.java:175)
	at org.apache.maven.surefire.booter.SurefireStarter.runSuitesInProcessWhenForked(SurefireStarter.java:107)
	at org.apache.maven.surefire.booter.ForkedBooter.main(ForkedBooter.java:68)
</error>
  </testcase>
  <testcase classname="una.ac.cr.consultoriofrontend.LoginJUnitTest" name="isCorrectAdminTest" time="0.008">
    <error message="com.fasterxml.jackson.databind.exc.UnrecognizedPropertyException: Unrecognized field &quot;id_patient&quot; (class ac.cr.una.proyecto.java.model.Patient), not marked as ignorable (9 known properties: &quot;address&quot;, &quot;idPatient&quot;, &quot;user&quot;, &quot;observation&quot;, &quot;birthday&quot;, &quot;phone&quot;, &quot;password&quot;, &quot;associatedDiseases&quot;, &quot;namePatient&quot;])
 at [Source: src/main/java/ac/cr/una/proyecto/resources/patientsList.json; line: 2, column: 27] (through reference chain: java.lang.Object[][0]-&gt;ac.cr.una.proyecto.java.model.Patient[&quot;id_patient&quot;])" type="org.assertj.swing.exception.UnexpectedException">org.assertj.swing.exception.UnexpectedException: com.fasterxml.jackson.databind.exc.UnrecognizedPropertyException: Unrecognized field &quot;id_patient&quot; (class ac.cr.una.proyecto.java.model.Patient), not marked as ignorable (9 known properties: &quot;address&quot;, &quot;idPatient&quot;, &quot;user&quot;, &quot;observation&quot;, &quot;birthday&quot;, &quot;phone&quot;, &quot;password&quot;, &quot;associatedDiseases&quot;, &quot;namePatient&quot;])
 at [Source: src/main/java/ac/cr/una/proyecto/resources/patientsList.json; line: 2, column: 27] (through reference chain: java.lang.Object[][0]-&gt;ac.cr.una.proyecto.java.model.Patient[&quot;id_patient&quot;])
	at org.assertj.swing.exception.UnexpectedException.unexpected(UnexpectedException.java:34)
	at org.assertj.swing.edt.GuiActionRunner.rethrowCaughtExceptionIn(GuiActionRunner.java:200)
	at org.assertj.swing.edt.GuiActionRunner.resultOf(GuiActionRunner.java:175)
	at org.assertj.swing.edt.GuiActionRunner.execute(GuiActionRunner.java:98)
	at org.assertj.swing.edt.GuiActionRunner.execute(GuiActionRunner.java:72)
	at una.ac.cr.consultoriofrontend.LoginJUnitTest.setUp(LoginJUnitTest.java:38)
	at sun.reflect.NativeMethodAccessorImpl.invoke0(Native Method)
	at sun.reflect.NativeMethodAccessorImpl.invoke(NativeMethodAccessorImpl.java:62)
	at sun.reflect.DelegatingMethodAccessorImpl.invoke(DelegatingMethodAccessorImpl.java:43)
	at java.lang.reflect.Method.invoke(Method.java:498)
	at org.junit.runners.model.FrameworkMethod$1.runReflectiveCall(FrameworkMethod.java:50)
	at org.junit.internal.runners.model.ReflectiveCallable.run(ReflectiveCallable.java:12)
	at org.junit.runners.model.FrameworkMethod.invokeExplosively(FrameworkMethod.java:47)
	at org.junit.internal.runners.statements.RunBefores.evaluate(RunBefores.java:24)
	at org.junit.internal.runners.statements.RunAfters.evaluate(RunAfters.java:27)
	at org.junit.runners.ParentRunner.runLeaf(ParentRunner.java:325)
	at org.junit.runners.BlockJUnit4ClassRunner.runChild(BlockJUnit4ClassRunner.java:78)
	at org.junit.runners.BlockJUnit4ClassRunner.runChild(BlockJUnit4ClassRunner.java:57)
	at org.junit.runners.ParentRunner$3.run(ParentRunner.java:290)
	at org.junit.runners.ParentRunner$1.schedule(ParentRunner.java:71)
	at org.junit.runners.ParentRunner.runChildren(ParentRunner.java:288)
	at org.junit.runners.ParentRunner.access$000(ParentRunner.java:58)
	at org.junit.runners.ParentRunner$2.evaluate(ParentRunner.java:268)
	at org.junit.runners.ParentRunner.run(ParentRunner.java:363)
	at org.apache.maven.surefire.junit4.JUnit4TestSet.execute(JUnit4TestSet.java:53)
	at org.apache.maven.surefire.junit4.JUnit4Provider.executeTestSet(JUnit4Provider.java:123)
	at org.apache.maven.surefire.junit4.JUnit4Provider.invoke(JUnit4Provider.java:104)
	at sun.reflect.NativeMethodAccessorImpl.invoke0(Native Method)
	at sun.reflect.NativeMethodAccessorImpl.invoke(NativeMethodAccessorImpl.java:62)
	at sun.reflect.DelegatingMethodAccessorImpl.invoke(DelegatingMethodAccessorImpl.java:43)
	at java.lang.reflect.Method.invoke(Method.java:498)
	at org.apache.maven.surefire.util.ReflectionUtils.invokeMethodWithArray(ReflectionUtils.java:164)
	at org.apache.maven.surefire.booter.ProviderFactory$ProviderProxy.invoke(ProviderFactory.java:110)
	at org.apache.maven.surefire.booter.SurefireStarter.invokeProvider(SurefireStarter.java:175)
	at org.apache.maven.surefire.booter.SurefireStarter.runSuitesInProcessWhenForked(SurefireStarter.java:107)
	at org.apache.maven.surefire.booter.ForkedBooter.main(ForkedBooter.java:68)
Caused by: com.fasterxml.jackson.databind.exc.UnrecognizedPropertyException: Unrecognized field &quot;id_patient&quot; (class ac.cr.una.proyecto.java.model.Patient), not marked as ignorable (9 known properties: &quot;address&quot;, &quot;idPatient&quot;, &quot;user&quot;, &quot;observation&quot;, &quot;birthday&quot;, &quot;phone&quot;, &quot;password&quot;, &quot;associatedDiseases&quot;, &quot;namePatient&quot;])
 at [Source: src/main/java/ac/cr/una/proyecto/resources/patientsList.json; line: 2, column: 27] (through reference chain: java.lang.Object[][0]-&gt;ac.cr.una.proyecto.java.model.Patient[&quot;id_patient&quot;])
	at com.fasterxml.jackson.databind.exc.UnrecognizedPropertyException.from(UnrecognizedPropertyException.java:62)
	at com.fasterxml.jackson.databind.DeserializationContext.handleUnknownProperty(DeserializationContext.java:834)
	at com.fasterxml.jackson.databind.deser.std.StdDeserializer.handleUnknownProperty(StdDeserializer.java:1093)
	at com.fasterxml.jackson.databind.deser.BeanDeserializerBase.handleUnknownProperty(BeanDeserializerBase.java:1477)
	at com.fasterxml.jackson.databind.deser.BeanDeserializerBase.handleUnknownVanilla(BeanDeserializerBase.java:1455)
	at com.fasterxml.jackson.databind.deser.BeanDeserializer.vanillaDeserialize(BeanDeserializer.java:282)
	at com.fasterxml.jackson.databind.deser.BeanDeserializer.deserialize(BeanDeserializer.java:140)
	at com.fasterxml.jackson.databind.deser.std.ObjectArrayDeserializer.deserialize(ObjectArrayDeserializer.java:196)
	at com.fasterxml.jackson.databind.deser.std.ObjectArrayDeserializer.deserialize(ObjectArrayDeserializer.java:20)
	at com.fasterxml.jackson.databind.ObjectMapper._readMapAndClose(ObjectMapper.java:3798)
	at com.fasterxml.jackson.databind.ObjectMapper.readValue(ObjectMapper.java:2740)
	at ac.cr.una.proyecto.java.service.LoginPatientService.loadOfficesFromFile(LoginPatientService.java:56)
	at ac.cr.una.proyecto.java.service.LoginPatientService.loadOfficesObjWrapper(LoginPatientService.java:31)
	at ac.cr.una.proyecto.java.controller.LoginController.&lt;init&gt;(LoginController.java:55)
	at ac.cr.una.proyecto.java.view.LoginView.&lt;init&gt;(LoginView.java:52)
	at una.ac.cr.consultoriofrontend.LoginJUnitTest.lambda$setUp$0(LoginJUnitTest.java:38)
	at org.assertj.swing.edt.GuiActionRunner$1.executeInEDT(GuiActionRunner.java:75)
	at org.assertj.swing.edt.GuiQuery.run(GuiQuery.java:42)
	at java.awt.event.InvocationEvent.dispatch(InvocationEvent.java:311)
	at java.awt.EventQueue.dispatchEventImpl(EventQueue.java:756)
	at java.awt.EventQueue.access$500(EventQueue.java:97)
	at java.awt.EventQueue$3.run(EventQueue.java:709)
	at java.awt.EventQueue$3.run(EventQueue.java:703)
	at java.security.AccessController.doPrivileged(Native Method)
	at java.security.ProtectionDomain$JavaSecurityAccessImpl.doIntersectionPrivilege(ProtectionDomain.java:80)
	at java.awt.EventQueue.dispatchEvent(EventQueue.java:726)
	at java.awt.EventDispatchThread.pumpOneEventForFilters(EventDispatchThread.java:201)
	at java.awt.EventDispatchThread.pumpEventsForFilter(EventDispatchThread.java:116)
	at java.awt.EventDispatchThread.pumpEventsForHierarchy(EventDispatchThread.java:105)
	at java.awt.EventDispatchThread.pumpEvents(EventDispatchThread.java:101)
	at java.awt.EventDispatchThread.pumpEvents(EventDispatchThread.java:93)
	at java.awt.EventDispatchThread.run(EventDispatchThread.java:82)
</error>
  </testcase>
  <testcase classname="una.ac.cr.consultoriofrontend.LoginJUnitTest" name="isCorrectAdminTest" time="0.009">
    <error type="java.lang.NullPointerException">java.lang.NullPointerException
	at una.ac.cr.consultoriofrontend.LoginJUnitTest.tearDown(LoginJUnitTest.java:91)
	at sun.reflect.NativeMethodAccessorImpl.invoke0(Native Method)
	at sun.reflect.NativeMethodAccessorImpl.invoke(NativeMethodAccessorImpl.java:62)
	at sun.reflect.DelegatingMethodAccessorImpl.invoke(DelegatingMethodAccessorImpl.java:43)
	at java.lang.reflect.Method.invoke(Method.java:498)
	at org.junit.runners.model.FrameworkMethod$1.runReflectiveCall(FrameworkMethod.java:50)
	at org.junit.internal.runners.model.ReflectiveCallable.run(ReflectiveCallable.java:12)
	at org.junit.runners.model.FrameworkMethod.invokeExplosively(FrameworkMethod.java:47)
	at org.junit.internal.runners.statements.RunAfters.evaluate(RunAfters.java:33)
	at org.junit.runners.ParentRunner.runLeaf(ParentRunner.java:325)
	at org.junit.runners.BlockJUnit4ClassRunner.runChild(BlockJUnit4ClassRunner.java:78)
	at org.junit.runners.BlockJUnit4ClassRunner.runChild(BlockJUnit4ClassRunner.java:57)
	at org.junit.runners.ParentRunner$3.run(ParentRunner.java:290)
	at org.junit.runners.ParentRunner$1.schedule(ParentRunner.java:71)
	at org.junit.runners.ParentRunner.runChildren(ParentRunner.java:288)
	at org.junit.runners.ParentRunner.access$000(ParentRunner.java:58)
	at org.junit.runners.ParentRunner$2.evaluate(ParentRunner.java:268)
	at org.junit.runners.ParentRunner.run(ParentRunner.java:363)
	at org.apache.maven.surefire.junit4.JUnit4TestSet.execute(JUnit4TestSet.java:53)
	at org.apache.maven.surefire.junit4.JUnit4Provider.executeTestSet(JUnit4Provider.java:123)
	at org.apache.maven.surefire.junit4.JUnit4Provider.invoke(JUnit4Provider.java:104)
	at sun.reflect.NativeMethodAccessorImpl.invoke0(Native Method)
	at sun.reflect.NativeMethodAccessorImpl.invoke(NativeMethodAccessorImpl.java:62)
	at sun.reflect.DelegatingMethodAccessorImpl.invoke(DelegatingMethodAccessorImpl.java:43)
	at java.lang.reflect.Method.invoke(Method.java:498)
	at org.apache.maven.surefire.util.ReflectionUtils.invokeMethodWithArray(ReflectionUtils.java:164)
	at org.apache.maven.surefire.booter.ProviderFactory$ProviderProxy.invoke(ProviderFactory.java:110)
	at org.apache.maven.surefire.booter.SurefireStarter.invokeProvider(SurefireStarter.java:175)
	at org.apache.maven.surefire.booter.SurefireStarter.runSuitesInProcessWhenForked(SurefireStarter.java:107)
	at org.apache.maven.surefire.booter.ForkedBooter.main(ForkedBooter.java:68)
</error>
  </testcase>
</testsuite>