-------------------------------------------------------------------------------
Test set: una.ac.cr.consultoriofrontend.PrincipalPanelJUnitTest
-------------------------------------------------------------------------------
Tests run: 4, Failures: 0, Errors: 1, Skipped: 0, Time elapsed: 3.983 sec <<< FAILURE!
testOnClickAllPatients(una.ac.cr.consultoriofrontend.PrincipalPanelJUnitTest)  Time elapsed: 0.24 sec  <<< ERROR!
com.fasterxml.jackson.databind.exc.UnrecognizedPropertyException: Unrecognized field "idPatient" (class ac.cr.una.proyecto.java.model.Patient), not marked as ignorable (9 known properties: "id_patient", "address", "namePatient", "user", "observation", "birthday", "phone", "password", "associatedDiseases"])
 at [Source: [{"address":"Alajuela","associatedDiseases":"Neumonia","birthday":"23-12-1985","idPatient":1,"name":"Santiago Gonzalez","observation":"Fuerte dolor en el pecho, cuesta respirar","password":"1234","phone":"22795352","user":"Santiago"},{"address":"Alajuela","associatedDiseases":"Neumonia","birthday":"23-12-1985","idPatient":2,"name":"Santiago Gonzalez Solorzano","observation":"Fuerte dolor en el pecho, cuesta respirar","password":"1234","phone":"22795352","user":"Santiago"},{"address":"Alajuela","associatedDiseases":"Neumonia","birthday":"23-12-1985","idPatient":4,"name":"Santiago Gonzalez","observation":"Fuerte dolor en el pecho, cuesta respirar","password":"1234","phone":"22795352","user":"Santiago"},{"address":"Alajuela","associatedDiseases":"Neumonia","birthday":"23-12-1985","idPatient":6,"name":"Santiago Gonzalez","observation":"Fuerte dolor en el pecho, cuesta respirar","password":"1234","phone":"22795352","user":"Santiago"},{"address":"Alajuela","associatedDiseases":"Neumonia","birthday":"23-12-1985","idPatient":7,"name":"Carlos Gonzalez","observation":"Fuerte dolor en el pecho, cuesta respirar","password":"1234","phone":"22795352","user":"Carlos"},{"address":"Alajuela","associatedDiseases":"Neumonia","birthday":"23-12-1985","idPatient":9,"name":"Santiago Gonzalez","observation":"Fuerte dolor en el pecho, cuesta respirar","password":"1234","phone":"22795352","user":"Santiago"}]; line: 1, column: 93] (through reference chain: java.lang.Object[][0]->ac.cr.una.proyecto.java.model.Patient["idPatient"])
	at com.fasterxml.jackson.databind.exc.UnrecognizedPropertyException.from(UnrecognizedPropertyException.java:62)
	at com.fasterxml.jackson.databind.DeserializationContext.handleUnknownProperty(DeserializationContext.java:834)
	at com.fasterxml.jackson.databind.deser.std.StdDeserializer.handleUnknownProperty(StdDeserializer.java:1093)
	at com.fasterxml.jackson.databind.deser.BeanDeserializerBase.handleUnknownProperty(BeanDeserializerBase.java:1477)
	at com.fasterxml.jackson.databind.deser.BeanDeserializerBase.handleUnknownVanilla(BeanDeserializerBase.java:1455)
	at com.fasterxml.jackson.databind.deser.BeanDeserializer.vanillaDeserialize(BeanDeserializer.java:282)
	at com.fasterxml.jackson.databind.deser.BeanDeserializer.deserialize(BeanDeserializer.java:140)
	at com.fasterxml.jackson.databind.deser.std.ObjectArrayDeserializer.deserialize(ObjectArrayDeserializer.java:196)
	at com.fasterxml.jackson.databind.deser.std.ObjectArrayDeserializer.deserialize(ObjectArrayDeserializer.java:20)
	at com.fasterxml.jackson.databind.ObjectMapper._readMapAndClose(ObjectMapper.java:3798)
	at com.fasterxml.jackson.databind.ObjectMapper.readValue(ObjectMapper.java:2842)
	at ac.cr.una.proyecto.java.service.PatientService.loadJsonFromWebService(PatientService.java:107)
	at ac.cr.una.proyecto.java.service.PatientService.loadPatientObjWrapper(PatientService.java:42)
	at ac.cr.una.proyecto.java.controller.PatientListController.<init>(PatientListController.java:45)
	at ac.cr.una.proyecto.java.view.PatientListView.<init>(PatientListView.java:56)
	at una.ac.cr.consultoriofrontend.PrincipalPanelJUnitTest.testOnClickAllPatients(PrincipalPanelJUnitTest.java:89)
	at sun.reflect.NativeMethodAccessorImpl.invoke0(Native Method)
	at sun.reflect.NativeMethodAccessorImpl.invoke(NativeMethodAccessorImpl.java:62)
	at sun.reflect.DelegatingMethodAccessorImpl.invoke(DelegatingMethodAccessorImpl.java:43)
	at java.lang.reflect.Method.invoke(Method.java:498)
	at org.junit.runners.model.FrameworkMethod$1.runReflectiveCall(FrameworkMethod.java:50)
	at org.junit.internal.runners.model.ReflectiveCallable.run(ReflectiveCallable.java:12)
	at org.junit.runners.model.FrameworkMethod.invokeExplosively(FrameworkMethod.java:47)
	at org.junit.internal.runners.statements.InvokeMethod.evaluate(InvokeMethod.java:17)
	at org.junit.internal.runners.statements.RunBefores.evaluate(RunBefores.java:26)
	at org.junit.internal.runners.statements.RunAfters.evaluate(RunAfters.java:27)
	at org.junit.runners.ParentRunner.runLeaf(ParentRunner.java:325)
	at org.junit.runners.BlockJUnit4ClassRunner.runChild(BlockJUnit4ClassRunner.java:78)
	at org.junit.runners.BlockJUnit4ClassRunner.runChild(BlockJUnit4ClassRunner.java:57)
	at org.junit.runners.ParentRunner$3.run(ParentRunner.java:290)
	at org.junit.runners.ParentRunner$1.schedule(ParentRunner.java:71)
	at org.junit.runners.ParentRunner.runChildren(ParentRunner.java:288)
	at org.junit.runners.ParentRunner.access$000(ParentRunner.java:58)
	at org.junit.runners.ParentRunner$2.evaluate(ParentRunner.java:268)
	at org.junit.runners.ParentRunner.run(ParentRunner.java:363)
	at org.apache.maven.surefire.junit4.JUnit4TestSet.execute(JUnit4TestSet.java:53)
	at org.apache.maven.surefire.junit4.JUnit4Provider.executeTestSet(JUnit4Provider.java:123)
	at org.apache.maven.surefire.junit4.JUnit4Provider.invoke(JUnit4Provider.java:104)
	at sun.reflect.NativeMethodAccessorImpl.invoke0(Native Method)
	at sun.reflect.NativeMethodAccessorImpl.invoke(NativeMethodAccessorImpl.java:62)
	at sun.reflect.DelegatingMethodAccessorImpl.invoke(DelegatingMethodAccessorImpl.java:43)
	at java.lang.reflect.Method.invoke(Method.java:498)
	at org.apache.maven.surefire.util.ReflectionUtils.invokeMethodWithArray(ReflectionUtils.java:164)
	at org.apache.maven.surefire.booter.ProviderFactory$ProviderProxy.invoke(ProviderFactory.java:110)
	at org.apache.maven.surefire.booter.SurefireStarter.invokeProvider(SurefireStarter.java:175)
	at org.apache.maven.surefire.booter.SurefireStarter.runSuitesInProcessWhenForked(SurefireStarter.java:107)
	at org.apache.maven.surefire.booter.ForkedBooter.main(ForkedBooter.java:68)
